SF:lib\model\entities\asn.dart
DA:17,4
DA:29,0
DA:30,0
DA:31,0
DA:32,0
DA:33,0
DA:34,0
DA:35,0
DA:37,0
DA:38,0
DA:39,0
DA:41,0
DA:43,0
DA:45,0
DA:46,0
DA:47,0
DA:49,0
DA:50,0
DA:51,0
DA:52,0
DA:53,0
DA:54,0
DA:55,0
DA:56,0
DA:57,0
DA:58,0
DA:59,0
DA:63,0
DA:65,0
DA:68,1
DA:71,1
DA:72,3
DA:73,3
DA:75,0
DA:77,0
LF:35
LH:5
end_of_record
SF:lib\model\asn_status.dart
DA:10,3
DA:13,3
DA:15,3
DA:17,3
DA:19,2
LF:5
LH:5
end_of_record
SF:lib\view\widgets\asn_cancelled_strike_text.dart
DA:12,1
DA:13,1
DA:15,8
LF:3
LH:3
end_of_record
SF:lib\view\widgets\asn_card\asn_card.dart
DA:12,1
DA:14,1
DA:15,1
DA:16,0
DA:18,0
DA:19,0
DA:22,0
DA:23,0
DA:27,2
DA:28,1
DA:29,0
DA:35,1
DA:38,1
DA:39,1
DA:40,7
DA:41,2
DA:42,2
DA:43,2
DA:44,2
DA:45,2
DA:46,7
DA:50,1
DA:51,1
DA:52,4
DA:54,4
DA:55,4
DA:56,3
DA:61,1
DA:62,1
DA:63,4
DA:65,5
DA:66,4
DA:67,3
DA:72,1
DA:73,1
DA:74,4
DA:76,4
DA:77,4
DA:78,3
DA:83,1
DA:84,1
DA:85,4
DA:87,4
DA:88,4
DA:89,3
DA:94,1
DA:95,1
DA:96,4
DA:98,1
DA:99,4
DA:100,3
DA:105,1
DA:106,2
LF:53
LH:47
end_of_record
SF:lib\view\widgets\asn_card\asn_info_section.dart
DA:11,1
DA:13,1
DA:15,1
DA:17,4
DA:18,1
DA:19,1
DA:20,1
DA:24,1
DA:25,1
DA:29,1
DA:30,1
DA:32,1
DA:37,1
DA:38,1
DA:39,4
DA:40,3
DA:41,1
DA:42,3
DA:50,1
DA:51,1
DA:52,3
DA:53,1
DA:54,5
DA:56,3
DA:59,1
DA:60,1
DA:61,4
DA:63,2
DA:64,5
DA:65,2
LF:30
LH:30
end_of_record
SF:lib\controller\network\asn_api.dart
DA:6,0
DA:8,0
DA:10,0
DA:11,0
DA:14,0
DA:15,0
DA:17,0
DA:18,0
DA:19,0
DA:20,0
DA:21,0
DA:23,0
DA:28,0
DA:29,0
DA:31,0
LF:15
LH:0
end_of_record
SF:lib\controller\network\be_request_controller.dart
DA:7,0
DA:11,0
DA:12,0
DA:13,0
DA:16,0
DA:18,0
DA:19,0
DA:21,0
DA:28,0
DA:32,0
DA:33,0
DA:35,0
DA:37,0
DA:38,0
DA:41,0
DA:48,0
DA:52,0
DA:53,0
DA:55,0
DA:56,0
DA:57,0
DA:60,0
DA:67,0
DA:71,0
DA:72,0
DA:74,0
DA:75,0
DA:76,0
DA:79,0
DA:86,0
DA:90,0
DA:91,0
DA:93,0
DA:94,0
DA:95,0
DA:98,0
LF:36
LH:0
end_of_record
SF:lib\controller\network\purchase_order_api.dart
DA:6,0
DA:8,0
DA:10,0
DA:11,0
DA:14,0
DA:16,0
DA:17,0
DA:18,0
DA:19,0
DA:21,0
DA:22,0
DA:26,0
DA:28,0
DA:29,0
DA:30,0
DA:31,0
DA:33,0
DA:38,0
DA:39,0
DA:41,0
DA:47,0
DA:49,0
DA:51,0
LF:23
LH:0
end_of_record
SF:lib\model\entities\purchase_order.dart
DA:15,6
DA:29,0
DA:30,0
DA:31,0
DA:32,0
DA:33,0
DA:34,0
DA:35,0
DA:37,0
DA:38,0
DA:39,0
DA:40,0
DA:42,0
DA:43,0
DA:46,0
DA:47,0
DA:48,0
DA:49,0
DA:50,0
DA:51,0
DA:52,0
DA:53,0
DA:60,0
DA:61,0
DA:64,1
DA:65,2
DA:68,1
DA:69,2
DA:72,2
DA:73,4
DA:76,0
DA:77,0
DA:80,1
DA:81,1
DA:82,1
DA:83,0
DA:84,0
DA:85,1
DA:88,0
DA:89,0
DA:90,0
DA:91,0
DA:94,0
DA:98,0
DA:99,0
DA:102,0
DA:103,0
DA:104,0
DA:107,0
DA:109,0
LF:50
LH:11
end_of_record
SF:lib\controller\provider\asn_model.dart
DA:10,2
DA:16,1
DA:17,1
DA:21,1
DA:22,1
DA:24,3
DA:25,1
DA:28,0
DA:29,0
DA:31,1
DA:34,0
DA:35,0
DA:37,0
DA:38,0
DA:39,0
DA:42,0
DA:43,0
DA:45,0
LF:18
LH:8
end_of_record
SF:lib\controller\provider\purchase_order_model.dart
DA:13,2
DA:14,0
DA:21,2
DA:22,2
DA:25,2
DA:27,2
DA:28,2
DA:30,6
DA:32,2
DA:34,0
DA:35,0
DA:39,4
DA:40,0
DA:42,4
DA:43,1
DA:46,2
DA:49,0
DA:50,0
DA:51,0
DA:53,0
DA:54,0
DA:56,0
DA:58,0
DA:59,0
DA:61,0
DA:64,0
DA:66,0
DA:67,0
DA:69,0
DA:70,0
DA:71,0
DA:73,0
DA:74,0
DA:76,0
DA:79,0
DA:80,0
DA:81,0
DA:83,0
DA:84,0
DA:85,0
DA:88,0
DA:89,0
DA:91,0
LF:43
LH:12
end_of_record
SF:lib\model\po_status.dart
DA:10,4
DA:13,4
DA:15,4
DA:17,4
DA:19,4
DA:21,1
LF:6
LH:6
end_of_record
SF:lib\view\widgets\app_snackbar.dart
DA:8,15
DA:9,0
DA:10,0
DA:11,0
DA:13,0
DA:14,0
DA:20,0
DA:21,0
LF:8
LH:1
end_of_record
SF:lib\view\widgets\asn_card\more_options_button_asn.dart
DA:12,0
DA:13,0
DA:14,0
DA:17,0
DA:18,0
DA:26,0
DA:29,0
DA:30,0
DA:32,0
DA:35,0
DA:41,1
DA:43,1
DA:45,1
DA:47,0
DA:48,0
DA:50,0
DA:52,0
DA:53,0
DA:54,0
DA:55,0
DA:56,0
DA:57,0
DA:60,0
DA:61,0
DA:68,0
DA:69,0
DA:70,0
DA:72,0
DA:74,0
DA:76,0
DA:77,0
DA:79,0
LF:32
LH:3
end_of_record
SF:lib\view\widgets\asn_status_widget.dart
DA:9,2
DA:11,2
DA:13,2
DA:15,2
DA:18,2
DA:19,2
DA:25,4
DA:26,4
DA:27,2
DA:29,4
DA:30,2
DA:32,4
DA:33,2
DA:35,4
DA:36,2
DA:40,2
DA:41,8
DA:43,2
DA:44,8
DA:46,2
DA:47,8
DA:49,2
DA:50,8
DA:61,2
DA:63,2
DA:64,2
DA:65,4
DA:66,4
DA:70,2
DA:72,2
LF:30
LH:30
end_of_record
SF:lib\view\widgets\po_cancelled_strike_text.dart
DA:12,2
DA:13,2
DA:15,16
LF:3
LH:3
end_of_record
SF:lib\view\widgets\po_card\next_reception_status_section.dart
DA:10,1
DA:12,1
DA:15,1
DA:16,1
DA:19,0
DA:22,0
DA:25,0
DA:26,0
DA:27,0
DA:28,0
DA:31,0
DA:33,0
DA:39,1
DA:40,2
DA:42,0
DA:44,0
DA:46,0
DA:52,0
DA:53,0
DA:56,0
DA:57,0
DA:58,0
DA:59,0
DA:60,0
DA:61,0
DA:67,0
DA:68,0
DA:69,0
DA:70,0
DA:71,0
DA:72,0
DA:76,0
DA:77,0
DA:78,0
DA:79,0
DA:81,0
DA:84,0
DA:85,0
DA:94,1
DA:95,1
DA:97,1
DA:98,4
DA:102,3
DA:107,0
DA:108,0
DA:109,0
LF:46
LH:11
end_of_record
SF:lib\view\widgets\po_card\po_card.dart
DA:12,1
DA:14,1
DA:15,1
DA:16,0
DA:18,0
DA:21,2
DA:22,1
DA:23,0
DA:29,1
DA:32,1
DA:33,1
DA:34,7
DA:35,2
DA:36,3
DA:37,4
DA:38,2
DA:39,3
DA:40,4
DA:41,7
DA:45,1
DA:46,1
DA:47,4
DA:49,2
DA:50,4
DA:51,3
DA:56,1
DA:57,1
DA:58,4
DA:60,5
DA:61,4
DA:62,3
DA:68,2
DA:69,4
LF:33
LH:30
end_of_record
SF:lib\view\widgets\po_card\po_info_section.dart
DA:11,1
DA:13,1
DA:15,1
DA:17,4
DA:18,1
DA:19,1
DA:20,1
DA:24,1
DA:25,1
DA:29,1
DA:30,1
DA:32,1
DA:37,1
DA:38,1
DA:39,4
DA:40,2
DA:41,1
DA:42,3
DA:50,1
DA:51,1
DA:52,3
DA:53,1
DA:54,5
DA:56,3
DA:59,1
DA:60,1
DA:61,4
DA:63,2
DA:64,5
DA:65,2
LF:30
LH:30
end_of_record
SF:lib\view\widgets\po_card\more_options_button_po.dart
DA:12,0
DA:13,0
DA:14,0
DA:21,0
DA:24,0
DA:25,0
DA:27,0
DA:30,0
DA:36,2
DA:38,2
DA:40,2
DA:42,0
DA:43,0
DA:45,0
DA:47,0
DA:48,0
DA:49,0
DA:50,0
DA:51,0
DA:52,0
DA:55,0
DA:56,0
DA:63,0
DA:64,0
DA:65,0
DA:67,0
DA:69,0
DA:71,0
DA:72,0
DA:74,0
LF:30
LH:3
end_of_record
SF:lib\view\widgets\po_card\received_items_section.dart
DA:7,0
DA:10,0
DA:11,0
DA:14,0
DA:15,0
DA:18,0
DA:19,0
DA:26,1
DA:28,1
DA:30,1
DA:32,1
DA:35,3
DA:40,1
DA:41,6
DA:42,1
DA:43,2
DA:48,1
DA:49,2
LF:18
LH:11
end_of_record
SF:lib\view\widgets\po_card\received_items_chip.dart
DA:8,6
DA:11,2
DA:12,2
DA:15,2
DA:16,2
DA:19,2
DA:20,2
DA:26,2
DA:28,2
DA:30,6
DA:31,7
DA:33,6
DA:34,2
DA:35,2
DA:36,2
DA:37,2
DA:38,2
DA:39,4
DA:42,2
LF:19
LH:19
end_of_record
SF:lib\view\widgets\create_overlay\create_po_overlay.dart
DA:6,6
DA:8,2
DA:11,2
DA:12,6
DA:13,2
DA:15,2
LF:6
LH:6
end_of_record
SF:lib\view\widgets\po_list_navbar\po_nav_bar.dart
DA:21,2
DA:23,2
DA:25,2
DA:30,2
DA:32,2
DA:34,2
DA:35,5
DA:36,4
DA:37,4
DA:39,2
DA:43,2
DA:46,2
DA:51,2
DA:52,2
DA:53,2
DA:54,0
DA:56,0
DA:57,0
DA:59,2
DA:61,6
DA:67,1
DA:68,1
DA:70,1
DA:71,0
DA:73,0
DA:74,0
DA:76,1
DA:78,3
DA:84,2
DA:85,2
DA:87,2
DA:90,2
DA:94,2
DA:95,2
DA:97,2
DA:100,2
DA:108,2
DA:110,2
DA:111,2
DA:112,2
DA:113,2
DA:114,2
DA:116,3
DA:119,2
DA:124,2
DA:126,1
DA:127,4
DA:131,2
DA:133,2
DA:135,1
DA:136,1
DA:137,2
DA:149,2
DA:151,1
DA:152,1
DA:153,1
DA:156,2
DA:157,2
DA:164,2
DA:166,2
DA:169,4
DA:170,6
DA:171,4
DA:174,2
DA:176,2
DA:178,4
DA:179,2
DA:181,1
DA:183,1
DA:185,1
DA:186,2
DA:187,1
DA:188,4
DA:191,1
DA:192,1
DA:193,1
DA:195,1
DA:196,1
DA:197,2
DA:198,1
DA:200,2
DA:201,3
DA:207,4
DA:208,2
DA:209,2
DA:212,4
DA:213,6
DA:215,6
DA:216,2
DA:219,2
DA:224,2
DA:225,0
DA:226,0
DA:231,2
DA:234,2
DA:236,4
DA:237,2
LF:97
LH:89
end_of_record
SF:lib\utils\theme.dart
DA:7,1
DA:8,4
DA:11,3
DA:12,12
DA:16,0
DA:21,0
DA:22,0
DA:24,0
DA:26,0
DA:28,0
DA:29,0
DA:30,0
DA:37,0
DA:43,0
DA:46,0
DA:55,0
DA:65,0
LF:17
LH:4
end_of_record
SF:lib\view\widgets\create_overlay\create_po_form.dart
DA:10,5
DA:12,2
DA:13,2
DA:19,2
DA:21,2
DA:23,2
DA:24,2
DA:25,2
DA:28,2
DA:29,2
DA:35,2
DA:36,2
DA:38,2
DA:41,2
DA:46,2
DA:52,2
DA:53,2
DA:55,2
DA:58,2
DA:63,2
DA:69,2
DA:70,2
DA:72,2
DA:74,2
DA:87,2
DA:91,0
DA:92,0
DA:93,0
DA:96,0
DA:97,0
DA:98,0
DA:99,0
DA:101,0
DA:102,0
DA:104,0
DA:108,2
DA:110,8
DA:112,4
DA:113,2
DA:115,2
DA:117,1
DA:118,0
DA:121,2
DA:123,2
DA:125,1
DA:126,4
DA:133,0
DA:136,0
LF:48
LH:35
end_of_record
SF:lib\view\widgets\create_overlay\create_po_utils.dart
DA:10,0
DA:11,0
DA:12,0
DA:19,0
DA:22,0
DA:23,0
DA:25,0
DA:29,0
DA:41,7
DA:45,2
DA:47,2
DA:48,2
DA:49,2
DA:51,2
DA:53,2
DA:54,6
DA:57,2
DA:58,2
DA:59,4
DA:60,2
DA:66,2
DA:69,2
DA:70,2
DA:72,6
LF:24
LH:16
end_of_record
SF:lib\view\widgets\create_overlay\page_header.dart
DA:6,5
DA:8,2
DA:10,2
DA:16,2
DA:18,2
DA:19,2
DA:20,2
DA:23,2
DA:25,1
DA:26,1
DA:27,1
DA:29,1
DA:30,1
DA:31,1
DA:33,2
DA:35,0
DA:37,0
LF:17
LH:15
end_of_record
SF:lib\view\widgets\po_status_widget.dart
DA:8,2
DA:10,2
DA:12,2
DA:15,2
DA:16,12
DA:24,2
DA:27,2
DA:28,2
DA:29,4
DA:30,4
DA:34,2
DA:36,2
LF:12
LH:12
end_of_record
SF:lib\view\pages\po_details.dart
DA:15,1
DA:17,1
DA:19,1
DA:26,1
DA:28,1
DA:29,2
DA:30,4
DA:31,7
DA:36,1
DA:38,1
DA:39,1
DA:40,1
DA:41,1
DA:47,1
DA:48,1
DA:49,1
DA:51,1
DA:54,1
DA:55,2
DA:56,1
DA:57,2
DA:58,2
DA:59,2
DA:60,2
DA:61,0
DA:67,1
DA:68,1
DA:71,1
DA:73,1
DA:74,1
DA:75,1
DA:76,3
DA:77,4
DA:78,2
DA:79,1
DA:80,1
DA:81,1
DA:82,4
DA:85,1
DA:87,1
DA:88,0
DA:96,1
DA:97,1
DA:101,1
DA:102,1
DA:104,1
DA:105,1
DA:106,1
DA:107,1
DA:109,0
DA:110,0
DA:116,1
DA:117,1
DA:119,1
DA:120,2
DA:121,1
DA:122,1
DA:123,1
DA:130,2
DA:131,1
DA:132,0
DA:135,1
DA:136,1
DA:139,1
DA:140,1
DA:144,4
DA:148,2
DA:152,1
DA:153,4
DA:154,1
DA:158,0
DA:159,0
DA:161,0
DA:162,0
DA:163,0
DA:164,0
DA:167,0
DA:168,0
DA:169,0
DA:170,0
DA:171,0
DA:172,0
DA:173,0
DA:181,1
DA:182,3
DA:185,1
DA:186,3
DA:191,1
DA:192,1
DA:194,1
DA:196,1
DA:197,1
DA:198,3
DA:199,2
DA:200,4
DA:201,1
DA:202,3
DA:203,2
DA:204,4
DA:210,1
DA:211,1
DA:214,1
DA:215,1
DA:216,2
DA:217,1
DA:218,1
DA:219,1
DA:220,1
DA:227,1
DA:228,1
DA:230,1
DA:231,3
DA:235,1
DA:236,4
DA:237,9
DA:239,1
DA:242,1
DA:243,2
DA:244,8
DA:245,4
DA:249,0
DA:250,0
DA:251,0
DA:252,0
DA:253,0
DA:255,0
DA:259,1
DA:260,2
DA:263,1
DA:264,1
DA:266,4
DA:267,2
DA:268,2
DA:269,2
DA:270,2
DA:273,1
DA:278,1
DA:279,1
DA:280,2
DA:281,1
DA:282,2
DA:283,1
DA:286,1
DA:289,3
DA:290,1
DA:291,2
DA:292,3
DA:293,3
DA:294,1
DA:295,1
DA:296,1
DA:303,1
DA:305,1
DA:306,3
DA:307,2
DA:308,2
DA:309,1
DA:310,1
DA:311,1
DA:312,4
DA:313,4
DA:319,1
DA:320,1
DA:323,1
DA:324,2
DA:327,2
DA:328,1
DA:329,2
DA:330,1
DA:331,1
DA:332,1
DA:339,1
DA:342,1
DA:343,4
DA:344,1
DA:345,1
DA:346,1
DA:347,1
DA:348,1
DA:349,5
DA:350,1
DA:351,5
DA:352,1
DA:353,5
DA:354,1
DA:355,5
DA:356,1
DA:357,5
DA:358,5
LF:189
LH:165
end_of_record
SF:lib\view\pages\po_list_page.dart
DA:19,1
DA:21,1
DA:23,1
DA:31,1
DA:33,1
DA:35,2
DA:36,1
DA:37,1
DA:39,1
DA:51,1
DA:52,1
DA:53,1
DA:54,1
DA:55,4
DA:58,2
DA:59,0
DA:61,0
DA:63,2
DA:64,0
DA:65,0
DA:67,2
DA:68,2
DA:70,2
DA:71,1
DA:72,1
DA:79,1
DA:80,1
DA:83,1
DA:85,2
DA:86,3
DA:87,0
DA:91,1
DA:92,1
DA:95,1
DA:97,2
DA:98,3
DA:99,0
LF:37
LH:31
end_of_record
SF:lib\view\widgets\po_card\color_scheme.dart
DA:5,1
DA:7,1
DA:9,1
DA:12,4
DA:13,1
DA:17,1
DA:18,2
DA:19,2
DA:20,1
DA:23,1
DA:24,2
DA:25,1
DA:29,1
DA:30,1
DA:31,3
LF:15
LH:15
end_of_record
SF:lib\view\widgets\po_card\po_card_small.dart
DA:11,1
DA:13,1
DA:15,1
DA:18,1
DA:19,1
DA:21,2
DA:24,1
DA:25,1
DA:26,2
DA:27,1
DA:28,0
DA:29,0
DA:31,1
DA:32,1
DA:33,1
DA:34,1
DA:35,1
DA:36,1
DA:37,3
DA:38,4
DA:40,5
DA:42,1
DA:47,1
DA:48,1
DA:50,1
DA:51,1
DA:53,1
DA:55,1
DA:57,1
DA:59,1
DA:61,2
DA:62,2
DA:63,2
DA:69,1
DA:70,1
DA:71,2
DA:72,1
DA:73,2
DA:74,4
DA:76,2
DA:84,5
DA:85,2
DA:86,1
DA:87,2
DA:89,4
DA:90,2
DA:96,2
DA:97,4
DA:102,4
DA:105,2
LF:50
LH:48
end_of_record
SF:lib\view\widgets\asn_list\asn_list_big.dart
DA:10,0
DA:14,0
DA:16,0
DA:17,0
DA:21,0
DA:24,0
DA:26,0
DA:27,0
DA:31,0
DA:32,0
DA:37,0
DA:38,0
DA:39,0
DA:41,0
DA:45,0
DA:46,0
DA:57,0
DA:59,0
DA:62,0
DA:67,0
DA:70,0
DA:71,0
DA:72,0
DA:73,0
DA:74,0
DA:75,0
DA:77,0
LF:27
LH:0
end_of_record
SF:lib\view\widgets\asn_list\asn_list_small.dart
DA:12,1
DA:14,0
DA:16,0
DA:18,0
DA:19,0
DA:20,0
DA:21,0
DA:22,0
DA:23,0
DA:24,0
DA:25,0
DA:28,0
DA:29,0
DA:30,0
DA:31,0
DA:32,0
DA:34,0
DA:37,0
DA:38,0
DA:39,0
LF:20
LH:1
end_of_record
SF:lib\view\widgets\asn_list_navbar\asn_nav_bar.dart
DA:9,1
DA:11,0
DA:13,0
DA:18,0
DA:20,0
DA:22,0
DA:23,0
DA:24,0
DA:25,0
DA:27,0
DA:30,0
DA:33,0
DA:38,0
DA:39,0
DA:40,0
DA:42,0
DA:47,0
DA:48,0
DA:50,0
DA:52,0
DA:57,0
DA:58,0
DA:60,0
DA:63,0
DA:64,0
DA:67,0
DA:69,0
DA:70,0
DA:73,0
DA:80,0
DA:81,0
DA:83,0
DA:86,0
DA:94,0
DA:96,0
DA:97,0
DA:98,0
DA:99,0
DA:100,0
DA:102,0
DA:105,0
DA:110,0
DA:112,0
DA:113,0
DA:117,0
DA:119,0
DA:121,0
DA:129,0
DA:132,0
DA:135,0
DA:138,0
DA:141,0
DA:144,0
DA:147,0
DA:150,0
LF:55
LH:1
end_of_record
SF:lib\view\widgets\po_list\po_list_big.dart
DA:9,0
DA:13,0
DA:15,0
DA:16,0
DA:20,0
DA:23,0
DA:25,0
DA:26,0
DA:30,0
DA:31,0
DA:36,0
DA:37,0
DA:38,0
DA:40,0
DA:44,0
DA:45,0
DA:55,0
DA:57,0
DA:60,0
DA:65,0
DA:68,0
DA:69,0
LF:22
LH:0
end_of_record
SF:lib\view\widgets\po_list\po_list_small.dart
DA:10,1
DA:12,1
DA:14,1
DA:16,1
DA:17,4
DA:18,4
DA:19,4
DA:20,1
DA:21,3
DA:22,1
DA:23,1
DA:26,4
DA:29,1
DA:30,1
DA:31,4
LF:15
LH:15
end_of_record
SF:lib\view\widgets\asn_card\asn_card_small.dart
DA:12,0
DA:14,0
DA:16,0
DA:19,0
DA:20,0
DA:22,0
DA:25,0
DA:26,0
DA:27,0
DA:28,0
DA:29,0
DA:30,0
DA:31,0
DA:34,0
DA:35,0
DA:38,0
DA:39,0
DA:40,0
DA:41,0
DA:42,0
DA:43,0
DA:44,0
DA:45,0
DA:47,0
DA:49,0
DA:54,0
DA:55,0
DA:57,0
DA:58,0
DA:60,0
DA:62,0
DA:64,0
DA:66,0
DA:68,0
DA:69,0
DA:75,0
DA:76,0
DA:77,0
DA:78,0
DA:79,0
DA:80,0
DA:82,0
DA:90,0
DA:91,0
DA:92,0
DA:93,0
DA:95,0
DA:96,0
DA:102,0
DA:103,0
DA:104,0
DA:109,0
DA:112,0
DA:115,0
DA:116,0
DA:117,0
DA:122,0
DA:125,0
LF:58
LH:0
end_of_record
SF:lib\view\widgets\asn_card\color_scheme.dart
DA:5,1
DA:7,0
DA:9,0
DA:12,0
DA:13,0
DA:17,0
DA:18,0
DA:19,0
DA:20,0
DA:23,0
DA:24,0
DA:25,0
DA:29,0
DA:30,0
DA:31,0
LF:15
LH:1
end_of_record
